<?xml version="1.0" encoding="UTF-8"?>
<!-- Generated by org.testng.reporters.JUnitReportReporter -->
<testsuite hostname="jay" failures="0" tests="1" name="com.example.TestCase3" time="4.157" errors="0" timestamp="2025-02-26T14:50:03 IST" skipped="0">
  <testcase classname="com.example.TestCase3" name="testcase3" time="4.157"/>
</testsuite> <!-- com.example.TestCase3 -->
